<?xml version="1.0" encoding="UTF-8"?>
<coverage generated="1752629135751" clover="3.2.0">
  <project timestamp="1752629135751" name="All files">
    <metrics statements="175" coveredstatements="139" conditionals="78" coveredconditionals="67" methods="13" coveredmethods="8" elements="266" coveredelements="214" complexity="0" loc="175" ncloc="175" packages="2" files="7" classes="7"/>
    <package name="termenv">
      <metrics statements="18" coveredstatements="0" conditionals="1" coveredconditionals="0" methods="1" coveredmethods="0"/>
      <file name="tsdown.config.ts" path="/Users/luxass/dev/termenv/tsdown.config.ts">
        <metrics statements="18" coveredstatements="0" conditionals="1" coveredconditionals="0" methods="1" coveredmethods="0"/>
        <line num="1" count="0" type="cond" truecount="0" falsecount="1"/>
        <line num="3" count="0" type="stmt"/>
        <line num="4" count="0" type="stmt"/>
        <line num="5" count="0" type="stmt"/>
        <line num="6" count="0" type="stmt"/>
        <line num="7" count="0" type="stmt"/>
        <line num="8" count="0" type="stmt"/>
        <line num="9" count="0" type="stmt"/>
        <line num="10" count="0" type="stmt"/>
        <line num="11" count="0" type="stmt"/>
        <line num="12" count="0" type="stmt"/>
        <line num="13" count="0" type="stmt"/>
        <line num="14" count="0" type="stmt"/>
        <line num="15" count="0" type="stmt"/>
        <line num="16" count="0" type="stmt"/>
        <line num="17" count="0" type="stmt"/>
        <line num="18" count="0" type="stmt"/>
        <line num="19" count="0" type="stmt"/>
      </file>
    </package>
    <package name="termenv.src">
      <metrics statements="157" coveredstatements="139" conditionals="77" coveredconditionals="67" methods="12" coveredmethods="8"/>
      <file name="env.ts" path="/Users/luxass/dev/termenv/src/env.ts">
        <metrics statements="27" coveredstatements="24" conditionals="13" coveredconditionals="7" methods="1" coveredmethods="1"/>
        <line num="41" count="1" type="cond" truecount="1" falsecount="0"/>
        <line num="42" count="50" type="cond" truecount="0" falsecount="1"/>
        <line num="43" count="50" type="stmt"/>
        <line num="44" count="50" type="stmt"/>
        <line num="46" count="50" type="cond" truecount="0" falsecount="1"/>
        <line num="48" count="50" type="cond" truecount="1" falsecount="0"/>
        <line num="50" count="50" type="stmt"/>
        <line num="51" count="50" type="stmt"/>
        <line num="52" count="50" type="cond" truecount="1" falsecount="0"/>
        <line num="53" count="50" type="cond" truecount="0" falsecount="1"/>
        <line num="55" count="50" type="cond" truecount="0" falsecount="1"/>
        <line num="56" count="0" type="stmt"/>
        <line num="57" count="50" type="cond" truecount="0" falsecount="1"/>
        <line num="58" count="0" type="stmt"/>
        <line num="59" count="50" type="cond" truecount="0" falsecount="1"/>
        <line num="60" count="0" type="stmt"/>
        <line num="61" count="50" type="cond" truecount="1" falsecount="0"/>
        <line num="62" count="2" type="cond" truecount="1" falsecount="0"/>
        <line num="63" count="48" type="stmt"/>
        <line num="65" count="50" type="stmt"/>
        <line num="66" count="50" type="stmt"/>
        <line num="67" count="50" type="cond" truecount="1" falsecount="0"/>
        <line num="68" count="50" type="cond" truecount="1" falsecount="0"/>
        <line num="69" count="50" type="stmt"/>
        <line num="70" count="50" type="stmt"/>
        <line num="71" count="50" type="stmt"/>
        <line num="72" count="50" type="stmt"/>
      </file>
      <file name="index.ts" path="/Users/luxass/dev/termenv/src/index.ts">
        <metrics statements="5" coveredstatements="0" conditionals="1" coveredconditionals="1" methods="1" coveredmethods="1"/>
        <line num="7" count="0" type="stmt"/>
        <line num="9" count="0" type="stmt"/>
        <line num="22" count="0" type="stmt"/>
        <line num="24" count="0" type="stmt"/>
        <line num="36" count="0" type="stmt"/>
      </file>
      <file name="supports.ts" path="/Users/luxass/dev/termenv/src/supports.ts">
        <metrics statements="80" coveredstatements="70" conditionals="41" coveredconditionals="37" methods="7" coveredmethods="3"/>
        <line num="24" count="1" type="stmt"/>
        <line num="28" count="1" type="stmt"/>
        <line num="29" count="1" type="stmt"/>
        <line num="30" count="1" type="stmt"/>
        <line num="31" count="1" type="stmt"/>
        <line num="40" count="86" type="cond" truecount="1" falsecount="0"/>
        <line num="41" count="86" type="cond" truecount="1" falsecount="0"/>
        <line num="42" count="86" type="stmt"/>
        <line num="44" count="1" type="cond" truecount="1" falsecount="0"/>
        <line num="45" count="48" type="stmt"/>
        <line num="46" count="48" type="stmt"/>
        <line num="47" count="48" type="stmt"/>
        <line num="48" count="48" type="stmt"/>
        <line num="49" count="48" type="stmt"/>
        <line num="50" count="48" type="stmt"/>
        <line num="51" count="48" type="stmt"/>
        <line num="52" count="48" type="stmt"/>
        <line num="55" count="48" type="cond" truecount="0" falsecount="2"/>
        <line num="56" count="0" type="stmt"/>
        <line num="57" count="0" type="stmt"/>
        <line num="62" count="48" type="stmt"/>
        <line num="63" count="48" type="stmt"/>
        <line num="64" count="48" type="stmt"/>
        <line num="65" count="48" type="stmt"/>
        <line num="66" count="48" type="cond" truecount="1" falsecount="0"/>
        <line num="67" count="2" type="cond" truecount="1" falsecount="0"/>
        <line num="68" count="46" type="cond" truecount="1" falsecount="0"/>
        <line num="69" count="44" type="cond" truecount="1" falsecount="0"/>
        <line num="70" count="2" type="stmt"/>
        <line num="72" count="48" type="stmt"/>
        <line num="73" count="48" type="cond" truecount="1" falsecount="0"/>
        <line num="74" count="45" type="cond" truecount="1" falsecount="0"/>
        <line num="76" count="42" type="stmt"/>
        <line num="79" count="48" type="stmt"/>
        <line num="80" count="48" type="cond" truecount="2" falsecount="0"/>
        <line num="81" count="44" type="stmt"/>
        <line num="83" count="48" type="cond" truecount="2" falsecount="0"/>
        <line num="85" count="35" type="stmt"/>
        <line num="86" count="35" type="stmt"/>
        <line num="87" count="35" type="stmt"/>
        <line num="88" count="35" type="stmt"/>
        <line num="89" count="35" type="stmt"/>
        <line num="90" count="35" type="stmt"/>
        <line num="91" count="35" type="stmt"/>
        <line num="93" count="48" type="cond" truecount="2" falsecount="0"/>
        <line num="94" count="9" type="cond" truecount="1" falsecount="0"/>
        <line num="95" count="26" type="stmt"/>
        <line num="96" count="48" type="stmt"/>
        <line num="98" count="1" type="stmt"/>
        <line num="99" count="1" type="stmt"/>
        <line num="100" count="1" type="stmt"/>
        <line num="101" count="1" type="stmt"/>
        <line num="103" count="1" type="cond" truecount="1" falsecount="0"/>
        <line num="104" count="35" type="stmt"/>
        <line num="108" count="35" type="cond" truecount="2" falsecount="0"/>
        <line num="112" count="35" type="cond" truecount="2" falsecount="0"/>
        <line num="116" count="35" type="cond" truecount="1" falsecount="0"/>
        <line num="117" count="11" type="cond" truecount="3" falsecount="0"/>
        <line num="120" count="9" type="stmt"/>
        <line num="121" count="9" type="cond" truecount="1" falsecount="0"/>
        <line num="124" count="35" type="cond" truecount="3" falsecount="0"/>
        <line num="127" count="35" type="cond" truecount="1" falsecount="1"/>
        <line num="130" count="35" type="cond" truecount="1" falsecount="1"/>
        <line num="133" count="35" type="cond" truecount="2" falsecount="0"/>
        <line num="137" count="35" type="cond" truecount="2" falsecount="0"/>
        <line num="140" count="35" type="cond" truecount="2" falsecount="0"/>
        <line num="144" count="1" type="stmt"/>
        <line num="145" count="1" type="stmt"/>
        <line num="153" count="1" type="stmt"/>
        <line num="154" count="0" type="stmt"/>
        <line num="155" count="0" type="stmt"/>
        <line num="163" count="1" type="stmt"/>
        <line num="164" count="0" type="stmt"/>
        <line num="165" count="0" type="stmt"/>
        <line num="173" count="1" type="stmt"/>
        <line num="174" count="0" type="stmt"/>
        <line num="175" count="0" type="stmt"/>
        <line num="183" count="1" type="stmt"/>
        <line num="184" count="0" type="stmt"/>
        <line num="185" count="0" type="stmt"/>
      </file>
      <file name="unicode.ts" path="/Users/luxass/dev/termenv/src/unicode.ts">
        <metrics statements="24" coveredstatements="24" conditionals="16" coveredconditionals="16" methods="1" coveredmethods="1"/>
        <line num="15" count="1" type="stmt"/>
        <line num="16" count="1" type="stmt"/>
        <line num="22" count="1" type="cond" truecount="1" falsecount="0"/>
        <line num="23" count="8" type="cond" truecount="1" falsecount="0"/>
        <line num="24" count="2" type="stmt"/>
        <line num="25" count="2" type="cond" truecount="1" falsecount="0"/>
        <line num="26" count="1" type="cond" truecount="1" falsecount="0"/>
        <line num="27" count="1" type="cond" truecount="1" falsecount="0"/>
        <line num="28" count="1" type="stmt"/>
        <line num="29" count="2" type="cond" truecount="1" falsecount="0"/>
        <line num="31" count="8" type="cond" truecount="1" falsecount="0"/>
        <line num="32" count="1" type="stmt"/>
        <line num="33" count="1" type="cond" truecount="1" falsecount="0"/>
        <line num="35" count="8" type="cond" truecount="1" falsecount="0"/>
        <line num="36" count="1" type="stmt"/>
        <line num="37" count="1" type="cond" truecount="1" falsecount="0"/>
        <line num="39" count="8" type="cond" truecount="1" falsecount="0"/>
        <line num="40" count="1" type="stmt"/>
        <line num="41" count="1" type="cond" truecount="1" falsecount="0"/>
        <line num="43" count="8" type="cond" truecount="2" falsecount="0"/>
        <line num="44" count="1" type="stmt"/>
        <line num="45" count="1" type="cond" truecount="1" falsecount="0"/>
        <line num="47" count="8" type="cond" truecount="1" falsecount="0"/>
        <line num="48" count="8" type="stmt"/>
      </file>
      <file name="utils.ts" path="/Users/luxass/dev/termenv/src/utils.ts">
        <metrics statements="11" coveredstatements="11" conditionals="1" coveredconditionals="1" methods="1" coveredmethods="1"/>
        <line num="40" count="1" type="stmt"/>
        <line num="45" count="1" type="stmt"/>
        <line num="50" count="1" type="stmt"/>
        <line num="55" count="1" type="stmt"/>
        <line num="60" count="1" type="stmt"/>
        <line num="65" count="1" type="stmt"/>
        <line num="70" count="1" type="stmt"/>
        <line num="76" count="1" type="stmt"/>
        <line num="83" count="1" type="cond" truecount="1" falsecount="0"/>
        <line num="84" count="4" type="stmt"/>
        <line num="85" count="4" type="stmt"/>
      </file>
      <file name="window-size.ts" path="/Users/luxass/dev/termenv/src/window-size.ts">
        <metrics statements="10" coveredstatements="10" conditionals="5" coveredconditionals="5" methods="1" coveredmethods="1"/>
        <line num="16" count="1" type="stmt"/>
        <line num="33" count="1" type="cond" truecount="1" falsecount="0"/>
        <line num="34" count="5" type="stmt"/>
        <line num="35" count="5" type="stmt"/>
        <line num="36" count="5" type="stmt"/>
        <line num="37" count="5" type="stmt"/>
        <line num="38" count="5" type="cond" truecount="2" falsecount="0"/>
        <line num="39" count="5" type="cond" truecount="2" falsecount="0"/>
        <line num="40" count="5" type="stmt"/>
        <line num="41" count="5" type="stmt"/>
      </file>
    </package>
  </project>
</coverage>
