{"/Users/luxass/dev/termenv/tsdown.config.ts": {"path":"/Users/luxass/dev/termenv/tsdown.config.ts","all":true,"statementMap":{"0":{"start":{"line":1,"column":0},"end":{"line":1,"column":38}},"2":{"start":{"line":3,"column":0},"end":{"line":3,"column":29}},"3":{"start":{"line":4,"column":0},"end":{"line":4,"column":10}},"4":{"start":{"line":5,"column":0},"end":{"line":5,"column":21}},"5":{"start":{"line":6,"column":0},"end":{"line":6,"column":24}},"6":{"start":{"line":7,"column":0},"end":{"line":7,"column":23}},"7":{"start":{"line":8,"column":0},"end":{"line":8,"column":21}},"8":{"start":{"line":9,"column":0},"end":{"line":9,"column":27}},"9":{"start":{"line":10,"column":0},"end":{"line":10,"column":4}},"10":{"start":{"line":11,"column":0},"end":{"line":11,"column":18}},"11":{"start":{"line":12,"column":0},"end":{"line":12,"column":19}},"12":{"start":{"line":13,"column":0},"end":{"line":13,"column":19}},"13":{"start":{"line":14,"column":0},"end":{"line":14,"column":12}},"14":{"start":{"line":15,"column":0},"end":{"line":15,"column":18}},"15":{"start":{"line":16,"column":0},"end":{"line":16,"column":16}},"16":{"start":{"line":17,"column":0},"end":{"line":17,"column":16}},"17":{"start":{"line":18,"column":0},"end":{"line":18,"column":14}},"18":{"start":{"line":19,"column":0},"end":{"line":19,"column":3}}},"s":{"0":0,"2":0,"3":0,"4":0,"5":0,"6":0,"7":0,"8":0,"9":0,"10":0,"11":0,"12":0,"13":0,"14":0,"15":0,"16":0,"17":0,"18":0},"branchMap":{"0":{"type":"branch","line":1,"loc":{"start":{"line":1,"column":0},"end":{"line":19,"column":-102}},"locations":[{"start":{"line":1,"column":0},"end":{"line":19,"column":-102}}]}},"b":{"0":[0]},"fnMap":{"0":{"name":"(empty-report)","decl":{"start":{"line":1,"column":0},"end":{"line":19,"column":-102}},"loc":{"start":{"line":1,"column":0},"end":{"line":19,"column":-102}},"line":1}},"f":{"0":0}}
,"/Users/luxass/dev/termenv/src/env.ts": {"path":"/Users/luxass/dev/termenv/src/env.ts","all":false,"statementMap":{"40":{"start":{"line":41,"column":0},"end":{"line":41,"column":103}},"41":{"start":{"line":42,"column":0},"end":{"line":42,"column":43}},"42":{"start":{"line":43,"column":0},"end":{"line":43,"column":37}},"43":{"start":{"line":44,"column":0},"end":{"line":44,"column":35}},"45":{"start":{"line":46,"column":0},"end":{"line":46,"column":46}},"47":{"start":{"line":48,"column":0},"end":{"line":48,"column":29}},"49":{"start":{"line":50,"column":0},"end":{"line":50,"column":30}},"50":{"start":{"line":51,"column":0},"end":{"line":51,"column":28}},"51":{"start":{"line":52,"column":0},"end":{"line":52,"column":87}},"52":{"start":{"line":53,"column":0},"end":{"line":53,"column":54}},"54":{"start":{"line":55,"column":0},"end":{"line":55,"column":24}},"55":{"start":{"line":56,"column":0},"end":{"line":56,"column":12}},"56":{"start":{"line":57,"column":0},"end":{"line":57,"column":11}},"57":{"start":{"line":58,"column":0},"end":{"line":58,"column":13}},"58":{"start":{"line":59,"column":0},"end":{"line":59,"column":17}},"59":{"start":{"line":60,"column":0},"end":{"line":60,"column":19}},"60":{"start":{"line":61,"column":0},"end":{"line":61,"column":16}},"61":{"start":{"line":62,"column":0},"end":{"line":62,"column":18}},"62":{"start":{"line":63,"column":0},"end":{"line":63,"column":22}},"64":{"start":{"line":65,"column":0},"end":{"line":65,"column":10}},"65":{"start":{"line":66,"column":0},"end":{"line":66,"column":8}},"66":{"start":{"line":67,"column":0},"end":{"line":67,"column":34}},"67":{"start":{"line":68,"column":0},"end":{"line":68,"column":26}},"68":{"start":{"line":69,"column":0},"end":{"line":69,"column":28}},"69":{"start":{"line":70,"column":0},"end":{"line":70,"column":12}},"70":{"start":{"line":71,"column":0},"end":{"line":71,"column":4}},"71":{"start":{"line":72,"column":0},"end":{"line":72,"column":1}}},"s":{"40":1,"41":50,"42":50,"43":50,"45":50,"47":50,"49":50,"50":50,"51":50,"52":50,"54":50,"55":0,"56":50,"57":0,"58":50,"59":0,"60":50,"61":2,"62":48,"64":50,"65":50,"66":50,"67":50,"68":50,"69":50,"70":50,"71":50},"branchMap":{"0":{"type":"branch","line":41,"loc":{"start":{"line":41,"column":7},"end":{"line":72,"column":1}},"locations":[{"start":{"line":41,"column":7},"end":{"line":72,"column":1}}]},"1":{"type":"branch","line":42,"loc":{"start":{"line":42,"column":18},"end":{"line":42,"column":43}},"locations":[{"start":{"line":42,"column":18},"end":{"line":42,"column":43}}]},"2":{"type":"branch","line":46,"loc":{"start":{"line":46,"column":32},"end":{"line":46,"column":46}},"locations":[{"start":{"line":46,"column":32},"end":{"line":46,"column":46}}]},"3":{"type":"branch","line":48,"loc":{"start":{"line":48,"column":19},"end":{"line":48,"column":29}},"locations":[{"start":{"line":48,"column":19},"end":{"line":48,"column":29}}]},"4":{"type":"branch","line":52,"loc":{"start":{"line":52,"column":72},"end":{"line":52,"column":87}},"locations":[{"start":{"line":52,"column":72},"end":{"line":52,"column":87}}]},"5":{"type":"branch","line":53,"loc":{"start":{"line":53,"column":39},"end":{"line":53,"column":54}},"locations":[{"start":{"line":53,"column":39},"end":{"line":53,"column":54}}]},"6":{"type":"branch","line":55,"loc":{"start":{"line":55,"column":18},"end":{"line":56,"column":12}},"locations":[{"start":{"line":55,"column":18},"end":{"line":56,"column":12}}]},"7":{"type":"branch","line":57,"loc":{"start":{"line":57,"column":6},"end":{"line":58,"column":13}},"locations":[{"start":{"line":57,"column":6},"end":{"line":58,"column":13}}]},"8":{"type":"branch","line":59,"loc":{"start":{"line":59,"column":8},"end":{"line":60,"column":19}},"locations":[{"start":{"line":59,"column":8},"end":{"line":60,"column":19}}]},"9":{"type":"branch","line":61,"loc":{"start":{"line":61,"column":10},"end":{"line":62,"column":18}},"locations":[{"start":{"line":61,"column":10},"end":{"line":62,"column":18}}]},"10":{"type":"branch","line":62,"loc":{"start":{"line":62,"column":12},"end":{"line":63,"column":22}},"locations":[{"start":{"line":62,"column":12},"end":{"line":63,"column":22}}]},"11":{"type":"branch","line":67,"loc":{"start":{"line":67,"column":19},"end":{"line":67,"column":34}},"locations":[{"start":{"line":67,"column":19},"end":{"line":67,"column":34}}]},"12":{"type":"branch","line":68,"loc":{"start":{"line":68,"column":15},"end":{"line":68,"column":26}},"locations":[{"start":{"line":68,"column":15},"end":{"line":68,"column":26}}]}},"b":{"0":[50],"1":[0],"2":[0],"3":[1],"4":[2],"5":[0],"6":[0],"7":[0],"8":[0],"9":[2],"10":[48],"11":[15],"12":[13]},"fnMap":{"0":{"name":"getRuntimeConfig","decl":{"start":{"line":41,"column":7},"end":{"line":72,"column":1}},"loc":{"start":{"line":41,"column":7},"end":{"line":72,"column":1}},"line":41}},"f":{"0":50}}
,"/Users/luxass/dev/termenv/src/index.ts": {"path":"/Users/luxass/dev/termenv/src/index.ts","all":true,"statementMap":{"6":{"start":{"line":7,"column":0},"end":{"line":7,"column":64}},"8":{"start":{"line":9,"column":0},"end":{"line":9,"column":8}},"21":{"start":{"line":22,"column":0},"end":{"line":22,"column":47}},"23":{"start":{"line":24,"column":0},"end":{"line":24,"column":8}},"35":{"start":{"line":36,"column":0},"end":{"line":36,"column":46}}},"s":{"6":0,"8":0,"21":0,"23":0,"35":0},"branchMap":{"0":{"type":"branch","line":1,"loc":{"start":{"line":1,"column":659},"end":{"line":36,"column":46}},"locations":[{"start":{"line":1,"column":659},"end":{"line":36,"column":46}}]}},"b":{"0":[1]},"fnMap":{"0":{"name":"(empty-report)","decl":{"start":{"line":1,"column":659},"end":{"line":36,"column":46}},"loc":{"start":{"line":1,"column":659},"end":{"line":36,"column":46}},"line":1}},"f":{"0":1}}
,"/Users/luxass/dev/termenv/src/supports.ts": {"path":"/Users/luxass/dev/termenv/src/supports.ts","all":false,"statementMap":{"23":{"start":{"line":24,"column":0},"end":{"line":24,"column":41}},"27":{"start":{"line":28,"column":0},"end":{"line":28,"column":28}},"28":{"start":{"line":29,"column":0},"end":{"line":29,"column":33}},"29":{"start":{"line":30,"column":0},"end":{"line":30,"column":34}},"30":{"start":{"line":31,"column":0},"end":{"line":31,"column":35}},"39":{"start":{"line":40,"column":0},"end":{"line":40,"column":58}},"40":{"start":{"line":41,"column":0},"end":{"line":41,"column":47}},"41":{"start":{"line":42,"column":0},"end":{"line":42,"column":1}},"43":{"start":{"line":44,"column":0},"end":{"line":44,"column":94}},"44":{"start":{"line":45,"column":0},"end":{"line":45,"column":22}},"45":{"start":{"line":46,"column":0},"end":{"line":46,"column":9}},"46":{"start":{"line":47,"column":0},"end":{"line":47,"column":12}},"47":{"start":{"line":48,"column":0},"end":{"line":48,"column":8}},"48":{"start":{"line":49,"column":0},"end":{"line":49,"column":9}},"49":{"start":{"line":50,"column":0},"end":{"line":50,"column":10}},"50":{"start":{"line":51,"column":0},"end":{"line":51,"column":13}},"51":{"start":{"line":52,"column":0},"end":{"line":52,"column":35}},"54":{"start":{"line":55,"column":0},"end":{"line":55,"column":60}},"55":{"start":{"line":56,"column":0},"end":{"line":56,"column":28}},"56":{"start":{"line":57,"column":0},"end":{"line":57,"column":3}},"61":{"start":{"line":62,"column":0},"end":{"line":62,"column":36}},"62":{"start":{"line":63,"column":0},"end":{"line":63,"column":43}},"63":{"start":{"line":64,"column":0},"end":{"line":64,"column":58}},"64":{"start":{"line":65,"column":0},"end":{"line":65,"column":18}},"65":{"start":{"line":66,"column":0},"end":{"line":66,"column":33}},"66":{"start":{"line":67,"column":0},"end":{"line":67,"column":18}},"67":{"start":{"line":68,"column":0},"end":{"line":68,"column":35}},"68":{"start":{"line":69,"column":0},"end":{"line":69,"column":27}},"69":{"start":{"line":70,"column":0},"end":{"line":70,"column":24}},"71":{"start":{"line":72,"column":0},"end":{"line":72,"column":23}},"72":{"start":{"line":73,"column":0},"end":{"line":73,"column":23}},"73":{"start":{"line":74,"column":0},"end":{"line":74,"column":34}},"75":{"start":{"line":76,"column":0},"end":{"line":76,"column":69}},"78":{"start":{"line":79,"column":0},"end":{"line":79,"column":22}},"79":{"start":{"line":80,"column":0},"end":{"line":80,"column":40}},"80":{"start":{"line":81,"column":0},"end":{"line":81,"column":58}},"82":{"start":{"line":83,"column":0},"end":{"line":83,"column":41}},"84":{"start":{"line":85,"column":0},"end":{"line":85,"column":23}},"85":{"start":{"line":86,"column":0},"end":{"line":86,"column":40}},"86":{"start":{"line":87,"column":0},"end":{"line":87,"column":10}},"87":{"start":{"line":88,"column":0},"end":{"line":88,"column":12}},"88":{"start":{"line":89,"column":0},"end":{"line":89,"column":27}},"89":{"start":{"line":90,"column":0},"end":{"line":90,"column":6}},"90":{"start":{"line":91,"column":0},"end":{"line":91,"column":3}},"92":{"start":{"line":93,"column":0},"end":{"line":93,"column":52}},"93":{"start":{"line":94,"column":0},"end":{"line":94,"column":23}},"94":{"start":{"line":95,"column":0},"end":{"line":95,"column":31}},"95":{"start":{"line":96,"column":0},"end":{"line":96,"column":1}},"97":{"start":{"line":98,"column":0},"end":{"line":98,"column":23}},"98":{"start":{"line":99,"column":0},"end":{"line":99,"column":19}},"99":{"start":{"line":100,"column":0},"end":{"line":100,"column":18}},"100":{"start":{"line":101,"column":0},"end":{"line":101,"column":2}},"102":{"start":{"line":103,"column":0},"end":{"line":103,"column":125}},"103":{"start":{"line":104,"column":0},"end":{"line":104,"column":34}},"107":{"start":{"line":108,"column":0},"end":{"line":108,"column":48}},"111":{"start":{"line":112,"column":0},"end":{"line":112,"column":57}},"115":{"start":{"line":116,"column":0},"end":{"line":116,"column":20}},"116":{"start":{"line":117,"column":0},"end":{"line":117,"column":74}},"119":{"start":{"line":120,"column":0},"end":{"line":120,"column":27}},"120":{"start":{"line":121,"column":0},"end":{"line":121,"column":3}},"123":{"start":{"line":124,"column":0},"end":{"line":124,"column":61}},"126":{"start":{"line":127,"column":0},"end":{"line":127,"column":38}},"129":{"start":{"line":130,"column":0},"end":{"line":130,"column":83}},"132":{"start":{"line":133,"column":0},"end":{"line":133,"column":55}},"136":{"start":{"line":137,"column":0},"end":{"line":137,"column":64}},"139":{"start":{"line":140,"column":0},"end":{"line":140,"column":117}},"143":{"start":{"line":144,"column":0},"end":{"line":144,"column":27}},"144":{"start":{"line":145,"column":0},"end":{"line":145,"column":1}},"152":{"start":{"line":153,"column":0},"end":{"line":153,"column":79}},"153":{"start":{"line":154,"column":0},"end":{"line":154,"column":57}},"154":{"start":{"line":155,"column":0},"end":{"line":155,"column":1}},"162":{"start":{"line":163,"column":0},"end":{"line":163,"column":78}},"163":{"start":{"line":164,"column":0},"end":{"line":164,"column":55}},"164":{"start":{"line":165,"column":0},"end":{"line":165,"column":1}},"172":{"start":{"line":173,"column":0},"end":{"line":173,"column":77}},"173":{"start":{"line":174,"column":0},"end":{"line":174,"column":54}},"174":{"start":{"line":175,"column":0},"end":{"line":175,"column":1}},"182":{"start":{"line":183,"column":0},"end":{"line":183,"column":76}},"183":{"start":{"line":184,"column":0},"end":{"line":184,"column":48}},"184":{"start":{"line":185,"column":0},"end":{"line":185,"column":1}}},"s":{"23":1,"27":1,"28":1,"29":1,"30":1,"39":86,"40":86,"41":86,"43":1,"44":48,"45":48,"46":48,"47":48,"48":48,"49":48,"50":48,"51":48,"54":48,"55":0,"56":0,"61":48,"62":48,"63":48,"64":48,"65":48,"66":2,"67":46,"68":44,"69":2,"71":48,"72":48,"73":45,"75":42,"78":48,"79":48,"80":44,"82":48,"84":35,"85":35,"86":35,"87":35,"88":35,"89":35,"90":35,"92":48,"93":9,"94":26,"95":48,"97":1,"98":1,"99":1,"100":1,"102":1,"103":35,"107":35,"111":35,"115":35,"116":11,"119":9,"120":9,"123":35,"126":35,"129":35,"132":35,"136":35,"139":35,"143":1,"144":1,"152":1,"153":0,"154":0,"162":1,"163":0,"164":0,"172":1,"173":0,"174":0,"182":1,"183":0,"184":0},"branchMap":{"0":{"type":"branch","line":40,"loc":{"start":{"line":40,"column":0},"end":{"line":42,"column":1}},"locations":[{"start":{"line":40,"column":0},"end":{"line":42,"column":1}}]},"1":{"type":"branch","line":41,"loc":{"start":{"line":41,"column":21},"end":{"line":41,"column":45}},"locations":[{"start":{"line":41,"column":21},"end":{"line":41,"column":45}}]},"2":{"type":"branch","line":44,"loc":{"start":{"line":44,"column":7},"end":{"line":96,"column":1}},"locations":[{"start":{"line":44,"column":7},"end":{"line":96,"column":1}}]},"3":{"type":"branch","line":55,"loc":{"start":{"line":55,"column":18},"end":{"line":55,"column":59}},"locations":[{"start":{"line":55,"column":18},"end":{"line":55,"column":59}}]},"4":{"type":"branch","line":55,"loc":{"start":{"line":55,"column":59},"end":{"line":57,"column":3}},"locations":[{"start":{"line":55,"column":59},"end":{"line":57,"column":3}}]},"5":{"type":"branch","line":66,"loc":{"start":{"line":66,"column":26},"end":{"line":67,"column":18}},"locations":[{"start":{"line":66,"column":26},"end":{"line":67,"column":18}}]},"6":{"type":"branch","line":67,"loc":{"start":{"line":67,"column":8},"end":{"line":70,"column":24}},"locations":[{"start":{"line":67,"column":8},"end":{"line":70,"column":24}}]},"7":{"type":"branch","line":68,"loc":{"start":{"line":68,"column":34},"end":{"line":69,"column":27}},"locations":[{"start":{"line":68,"column":34},"end":{"line":69,"column":27}}]},"8":{"type":"branch","line":69,"loc":{"start":{"line":69,"column":10},"end":{"line":70,"column":24}},"locations":[{"start":{"line":69,"column":10},"end":{"line":70,"column":24}}]},"9":{"type":"branch","line":73,"loc":{"start":{"line":73,"column":20},"end":{"line":74,"column":34}},"locations":[{"start":{"line":73,"column":20},"end":{"line":74,"column":34}}]},"10":{"type":"branch","line":74,"loc":{"start":{"line":74,"column":24},"end":{"line":76,"column":69}},"locations":[{"start":{"line":74,"column":24},"end":{"line":76,"column":69}}]},"11":{"type":"branch","line":80,"loc":{"start":{"line":80,"column":22},"end":{"line":80,"column":40}},"locations":[{"start":{"line":80,"column":22},"end":{"line":80,"column":40}}]},"12":{"type":"branch","line":80,"loc":{"start":{"line":80,"column":29},"end":{"line":81,"column":58}},"locations":[{"start":{"line":80,"column":29},"end":{"line":81,"column":58}}]},"13":{"type":"branch","line":83,"loc":{"start":{"line":83,"column":23},"end":{"line":83,"column":41}},"locations":[{"start":{"line":83,"column":23},"end":{"line":83,"column":41}}]},"14":{"type":"branch","line":83,"loc":{"start":{"line":83,"column":30},"end":{"line":93,"column":27}},"locations":[{"start":{"line":83,"column":30},"end":{"line":93,"column":27}}]},"15":{"type":"branch","line":93,"loc":{"start":{"line":93,"column":9},"end":{"line":93,"column":52}},"locations":[{"start":{"line":93,"column":9},"end":{"line":93,"column":52}}]},"16":{"type":"branch","line":93,"loc":{"start":{"line":93,"column":42},"end":{"line":94,"column":23}},"locations":[{"start":{"line":93,"column":42},"end":{"line":94,"column":23}}]},"17":{"type":"branch","line":94,"loc":{"start":{"line":94,"column":6},"end":{"line":95,"column":31}},"locations":[{"start":{"line":94,"column":6},"end":{"line":95,"column":31}}]},"18":{"type":"branch","line":103,"loc":{"start":{"line":103,"column":7},"end":{"line":145,"column":1}},"locations":[{"start":{"line":103,"column":7},"end":{"line":145,"column":1}}]},"19":{"type":"branch","line":108,"loc":{"start":{"line":108,"column":25},"end":{"line":108,"column":48}},"locations":[{"start":{"line":108,"column":25},"end":{"line":108,"column":48}}]},"20":{"type":"branch","line":108,"loc":{"start":{"line":108,"column":32},"end":{"line":112,"column":40}},"locations":[{"start":{"line":108,"column":32},"end":{"line":112,"column":40}}]},"21":{"type":"branch","line":112,"loc":{"start":{"line":112,"column":33},"end":{"line":112,"column":57}},"locations":[{"start":{"line":112,"column":33},"end":{"line":112,"column":57}}]},"22":{"type":"branch","line":112,"loc":{"start":{"line":112,"column":40},"end":{"line":116,"column":19}},"locations":[{"start":{"line":112,"column":40},"end":{"line":116,"column":19}}]},"23":{"type":"branch","line":116,"loc":{"start":{"line":116,"column":19},"end":{"line":121,"column":3}},"locations":[{"start":{"line":116,"column":19},"end":{"line":121,"column":3}}]},"24":{"type":"branch","line":117,"loc":{"start":{"line":117,"column":49},"end":{"line":117,"column":74}},"locations":[{"start":{"line":117,"column":49},"end":{"line":117,"column":74}}]},"25":{"type":"branch","line":117,"loc":{"start":{"line":117,"column":56},"end":{"line":121,"column":3}},"locations":[{"start":{"line":117,"column":56},"end":{"line":121,"column":3}}]},"26":{"type":"branch","line":121,"loc":{"start":{"line":121,"column":2},"end":{"line":124,"column":16}},"locations":[{"start":{"line":121,"column":2},"end":{"line":124,"column":16}}]},"27":{"type":"branch","line":124,"loc":{"start":{"line":124,"column":7},"end":{"line":124,"column":43}},"locations":[{"start":{"line":124,"column":7},"end":{"line":124,"column":43}}]},"28":{"type":"branch","line":124,"loc":{"start":{"line":124,"column":43},"end":{"line":124,"column":61}},"locations":[{"start":{"line":124,"column":43},"end":{"line":124,"column":61}}]},"29":{"type":"branch","line":124,"loc":{"start":{"line":124,"column":50},"end":{"line":127,"column":20}},"locations":[{"start":{"line":124,"column":50},"end":{"line":127,"column":20}}]},"30":{"type":"branch","line":127,"loc":{"start":{"line":127,"column":13},"end":{"line":127,"column":38}},"locations":[{"start":{"line":127,"column":13},"end":{"line":127,"column":38}}]},"31":{"type":"branch","line":127,"loc":{"start":{"line":127,"column":20},"end":{"line":130,"column":58}},"locations":[{"start":{"line":127,"column":20},"end":{"line":130,"column":58}}]},"32":{"type":"branch","line":130,"loc":{"start":{"line":130,"column":58},"end":{"line":130,"column":83}},"locations":[{"start":{"line":130,"column":58},"end":{"line":130,"column":83}}]},"33":{"type":"branch","line":130,"loc":{"start":{"line":130,"column":65},"end":{"line":133,"column":37}},"locations":[{"start":{"line":130,"column":65},"end":{"line":133,"column":37}}]},"34":{"type":"branch","line":133,"loc":{"start":{"line":133,"column":30},"end":{"line":133,"column":55}},"locations":[{"start":{"line":133,"column":30},"end":{"line":133,"column":55}}]},"35":{"type":"branch","line":133,"loc":{"start":{"line":133,"column":37},"end":{"line":137,"column":47}},"locations":[{"start":{"line":133,"column":37},"end":{"line":137,"column":47}}]},"36":{"type":"branch","line":137,"loc":{"start":{"line":137,"column":40},"end":{"line":137,"column":64}},"locations":[{"start":{"line":137,"column":40},"end":{"line":137,"column":64}}]},"37":{"type":"branch","line":137,"loc":{"start":{"line":137,"column":47},"end":{"line":140,"column":101}},"locations":[{"start":{"line":137,"column":47},"end":{"line":140,"column":101}}]},"38":{"type":"branch","line":140,"loc":{"start":{"line":140,"column":94},"end":{"line":140,"column":117}},"locations":[{"start":{"line":140,"column":94},"end":{"line":140,"column":117}}]},"39":{"type":"branch","line":140,"loc":{"start":{"line":140,"column":101},"end":{"line":145,"column":1}},"locations":[{"start":{"line":140,"column":101},"end":{"line":145,"column":1}}]},"40":{"type":"branch","line":117,"loc":{"start":{"line":117,"column":27},"end":{"line":117,"column":46}},"locations":[{"start":{"line":117,"column":27},"end":{"line":117,"column":46}}]}},"b":{"0":[86],"1":[28],"2":[48],"3":[0],"4":[0],"5":[2],"6":[46],"7":[44],"8":[2],"9":[45],"10":[42],"11":[7],"12":[44],"13":[13],"14":[35],"15":[9],"16":[9],"17":[26],"18":[35],"19":[1],"20":[34],"21":[1],"22":[33],"23":[11],"24":[2],"25":[9],"26":[22],"27":[13],"28":[9],"29":[13],"30":[0],"31":[13],"32":[0],"33":[13],"34":[1],"35":[12],"36":[4],"37":[8],"38":[7],"39":[1],"40":[21]},"fnMap":{"0":{"name":"hasFlag","decl":{"start":{"line":40,"column":0},"end":{"line":42,"column":1}},"loc":{"start":{"line":40,"column":0},"end":{"line":42,"column":1}},"line":40},"1":{"name":"getColorSpace","decl":{"start":{"line":44,"column":7},"end":{"line":96,"column":1}},"loc":{"start":{"line":44,"column":7},"end":{"line":96,"column":1}},"line":44},"2":{"name":"getColorSpaceByRuntime","decl":{"start":{"line":103,"column":7},"end":{"line":145,"column":1}},"loc":{"start":{"line":103,"column":7},"end":{"line":145,"column":1}},"line":103},"3":{"name":"isTrueColorSupported","decl":{"start":{"line":153,"column":7},"end":{"line":155,"column":1}},"loc":{"start":{"line":153,"column":7},"end":{"line":155,"column":1}},"line":153},"4":{"name":"is256ColorSupported","decl":{"start":{"line":163,"column":7},"end":{"line":165,"column":1}},"loc":{"start":{"line":163,"column":7},"end":{"line":165,"column":1}},"line":163},"5":{"name":"is16ColorSupported","decl":{"start":{"line":173,"column":7},"end":{"line":175,"column":1}},"loc":{"start":{"line":173,"column":7},"end":{"line":175,"column":1}},"line":173},"6":{"name":"isColorsSupported","decl":{"start":{"line":183,"column":7},"end":{"line":185,"column":1}},"loc":{"start":{"line":183,"column":7},"end":{"line":185,"column":1}},"line":183}},"f":{"0":86,"1":48,"2":35,"3":0,"4":0,"5":0,"6":0}}
,"/Users/luxass/dev/termenv/src/unicode.ts": {"path":"/Users/luxass/dev/termenv/src/unicode.ts","all":false,"statementMap":{"14":{"start":{"line":15,"column":0},"end":{"line":15,"column":35}},"15":{"start":{"line":16,"column":0},"end":{"line":16,"column":27}},"21":{"start":{"line":22,"column":0},"end":{"line":22,"column":47}},"22":{"start":{"line":23,"column":0},"end":{"line":23,"column":37}},"23":{"start":{"line":24,"column":0},"end":{"line":24,"column":34}},"24":{"start":{"line":25,"column":0},"end":{"line":25,"column":40}},"25":{"start":{"line":26,"column":0},"end":{"line":26,"column":46}},"26":{"start":{"line":27,"column":0},"end":{"line":27,"column":46}},"27":{"start":{"line":28,"column":0},"end":{"line":28,"column":42}},"28":{"start":{"line":29,"column":0},"end":{"line":29,"column":3}},"30":{"start":{"line":31,"column":0},"end":{"line":31,"column":23}},"31":{"start":{"line":32,"column":0},"end":{"line":32,"column":17}},"32":{"start":{"line":33,"column":0},"end":{"line":33,"column":3}},"34":{"start":{"line":35,"column":0},"end":{"line":35,"column":36}},"35":{"start":{"line":36,"column":0},"end":{"line":36,"column":17}},"36":{"start":{"line":37,"column":0},"end":{"line":37,"column":3}},"38":{"start":{"line":39,"column":0},"end":{"line":39,"column":38}},"39":{"start":{"line":40,"column":0},"end":{"line":40,"column":16}},"40":{"start":{"line":41,"column":0},"end":{"line":41,"column":3}},"42":{"start":{"line":43,"column":0},"end":{"line":43,"column":152}},"43":{"start":{"line":44,"column":0},"end":{"line":44,"column":16}},"44":{"start":{"line":45,"column":0},"end":{"line":45,"column":3}},"46":{"start":{"line":47,"column":0},"end":{"line":47,"column":73}},"47":{"start":{"line":48,"column":0},"end":{"line":48,"column":1}}},"s":{"14":1,"15":1,"21":1,"22":8,"23":2,"24":2,"25":1,"26":1,"27":1,"28":2,"30":8,"31":1,"32":1,"34":8,"35":1,"36":1,"38":8,"39":1,"40":1,"42":8,"43":1,"44":1,"46":8,"47":8},"branchMap":{"0":{"type":"branch","line":22,"loc":{"start":{"line":22,"column":7},"end":{"line":48,"column":1}},"locations":[{"start":{"line":22,"column":7},"end":{"line":48,"column":1}}]},"1":{"type":"branch","line":23,"loc":{"start":{"line":23,"column":36},"end":{"line":29,"column":3}},"locations":[{"start":{"line":23,"column":36},"end":{"line":29,"column":3}}]},"2":{"type":"branch","line":25,"loc":{"start":{"line":25,"column":39},"end":{"line":26,"column":46}},"locations":[{"start":{"line":25,"column":39},"end":{"line":26,"column":46}}]},"3":{"type":"branch","line":26,"loc":{"start":{"line":26,"column":38},"end":{"line":27,"column":46}},"locations":[{"start":{"line":26,"column":38},"end":{"line":27,"column":46}}]},"4":{"type":"branch","line":27,"loc":{"start":{"line":27,"column":30},"end":{"line":28,"column":42}},"locations":[{"start":{"line":27,"column":30},"end":{"line":28,"column":42}}]},"5":{"type":"branch","line":29,"loc":{"start":{"line":29,"column":2},"end":{"line":31,"column":22}},"locations":[{"start":{"line":29,"column":2},"end":{"line":31,"column":22}}]},"6":{"type":"branch","line":31,"loc":{"start":{"line":31,"column":22},"end":{"line":33,"column":3}},"locations":[{"start":{"line":31,"column":22},"end":{"line":33,"column":3}}]},"7":{"type":"branch","line":33,"loc":{"start":{"line":33,"column":2},"end":{"line":35,"column":35}},"locations":[{"start":{"line":33,"column":2},"end":{"line":35,"column":35}}]},"8":{"type":"branch","line":35,"loc":{"start":{"line":35,"column":35},"end":{"line":37,"column":3}},"locations":[{"start":{"line":35,"column":35},"end":{"line":37,"column":3}}]},"9":{"type":"branch","line":37,"loc":{"start":{"line":37,"column":2},"end":{"line":39,"column":37}},"locations":[{"start":{"line":37,"column":2},"end":{"line":39,"column":37}}]},"10":{"type":"branch","line":39,"loc":{"start":{"line":39,"column":37},"end":{"line":41,"column":3}},"locations":[{"start":{"line":39,"column":37},"end":{"line":41,"column":3}}]},"11":{"type":"branch","line":41,"loc":{"start":{"line":41,"column":2},"end":{"line":43,"column":26}},"locations":[{"start":{"line":41,"column":2},"end":{"line":43,"column":26}}]},"12":{"type":"branch","line":43,"loc":{"start":{"line":43,"column":18},"end":{"line":43,"column":151}},"locations":[{"start":{"line":43,"column":18},"end":{"line":43,"column":151}}]},"13":{"type":"branch","line":43,"loc":{"start":{"line":43,"column":151},"end":{"line":45,"column":3}},"locations":[{"start":{"line":43,"column":151},"end":{"line":45,"column":3}}]},"14":{"type":"branch","line":45,"loc":{"start":{"line":45,"column":2},"end":{"line":47,"column":37}},"locations":[{"start":{"line":45,"column":2},"end":{"line":47,"column":37}}]},"15":{"type":"branch","line":47,"loc":{"start":{"line":47,"column":29},"end":{"line":47,"column":71}},"locations":[{"start":{"line":47,"column":29},"end":{"line":47,"column":71}}]}},"b":{"0":[8],"1":[2],"2":[1],"3":[1],"4":[1],"5":[6],"6":[1],"7":[5],"8":[1],"9":[4],"10":[1],"11":[3],"12":[2],"13":[1],"14":[2],"15":[1]},"fnMap":{"0":{"name":"isUnicodeSupported","decl":{"start":{"line":22,"column":7},"end":{"line":48,"column":1}},"loc":{"start":{"line":22,"column":7},"end":{"line":48,"column":1}},"line":22}},"f":{"0":8}}
,"/Users/luxass/dev/termenv/src/utils.ts": {"path":"/Users/luxass/dev/termenv/src/utils.ts","all":false,"statementMap":{"39":{"start":{"line":40,"column":0},"end":{"line":40,"column":40}},"44":{"start":{"line":45,"column":0},"end":{"line":45,"column":38}},"49":{"start":{"line":50,"column":0},"end":{"line":50,"column":43}},"54":{"start":{"line":55,"column":0},"end":{"line":55,"column":43}},"59":{"start":{"line":60,"column":0},"end":{"line":60,"column":36}},"64":{"start":{"line":65,"column":0},"end":{"line":65,"column":41}},"69":{"start":{"line":70,"column":0},"end":{"line":70,"column":41}},"75":{"start":{"line":76,"column":0},"end":{"line":76,"column":175}},"82":{"start":{"line":83,"column":0},"end":{"line":83,"column":45}},"83":{"start":{"line":84,"column":0},"end":{"line":84,"column":38}},"84":{"start":{"line":85,"column":0},"end":{"line":85,"column":1}}},"s":{"39":1,"44":1,"49":1,"54":1,"59":1,"64":1,"69":1,"75":1,"82":1,"83":4,"84":4},"branchMap":{"0":{"type":"branch","line":83,"loc":{"start":{"line":83,"column":7},"end":{"line":85,"column":1}},"locations":[{"start":{"line":83,"column":7},"end":{"line":85,"column":1}}]}},"b":{"0":[4]},"fnMap":{"0":{"name":"strip","decl":{"start":{"line":83,"column":7},"end":{"line":85,"column":1}},"loc":{"start":{"line":83,"column":7},"end":{"line":85,"column":1}},"line":83}},"f":{"0":4}}
,"/Users/luxass/dev/termenv/src/window-size.ts": {"path":"/Users/luxass/dev/termenv/src/window-size.ts","all":false,"statementMap":{"15":{"start":{"line":16,"column":0},"end":{"line":16,"column":35}},"32":{"start":{"line":33,"column":0},"end":{"line":33,"column":54}},"33":{"start":{"line":34,"column":0},"end":{"line":34,"column":12}},"34":{"start":{"line":35,"column":0},"end":{"line":35,"column":11}},"35":{"start":{"line":36,"column":0},"end":{"line":36,"column":16}},"36":{"start":{"line":37,"column":0},"end":{"line":37,"column":10}},"37":{"start":{"line":38,"column":0},"end":{"line":38,"column":57}},"38":{"start":{"line":39,"column":0},"end":{"line":39,"column":56}},"39":{"start":{"line":40,"column":0},"end":{"line":40,"column":4}},"40":{"start":{"line":41,"column":0},"end":{"line":41,"column":1}}},"s":{"15":1,"32":1,"33":5,"34":5,"35":5,"36":5,"37":5,"38":5,"39":5,"40":5},"branchMap":{"0":{"type":"branch","line":33,"loc":{"start":{"line":33,"column":7},"end":{"line":41,"column":1}},"locations":[{"start":{"line":33,"column":7},"end":{"line":41,"column":1}}]},"1":{"type":"branch","line":38,"loc":{"start":{"line":38,"column":26},"end":{"line":38,"column":55}},"locations":[{"start":{"line":38,"column":26},"end":{"line":38,"column":55}}]},"2":{"type":"branch","line":38,"loc":{"start":{"line":38,"column":46},"end":{"line":38,"column":57}},"locations":[{"start":{"line":38,"column":46},"end":{"line":38,"column":57}}]},"3":{"type":"branch","line":39,"loc":{"start":{"line":39,"column":27},"end":{"line":39,"column":54}},"locations":[{"start":{"line":39,"column":27},"end":{"line":39,"column":54}}]},"4":{"type":"branch","line":39,"loc":{"start":{"line":39,"column":44},"end":{"line":39,"column":56}},"locations":[{"start":{"line":39,"column":44},"end":{"line":39,"column":56}}]}},"b":{"0":[5],"1":[2],"2":[1],"3":[3],"4":[1]},"fnMap":{"0":{"name":"getWindowSize","decl":{"start":{"line":33,"column":7},"end":{"line":41,"column":1}},"loc":{"start":{"line":33,"column":7},"end":{"line":41,"column":1}},"line":33}},"f":{"0":5}}
}
